<?xml version="1.0" encoding="UTF-8"?>
<beans xmlns="http://www.springframework.org/schema/beans"
	xmlns:xsi="http://www.w3.org/2001/XMLSchema-instance" xmlns:aop="http://www.springframework.org/schema/aop"
	xmlns:context="http://www.springframework.org/schema/context"
	xmlns:jdbc="http://www.springframework.org/schema/jdbc" xmlns:tx="http://www.springframework.org/schema/tx"
	xmlns:jpa="http://www.springframework.org/schema/data/jpa"
	xsi:schemaLocation="
		http://www.springframework.org/schema/beans http://www.springframework.org/schema/beans/spring-beans-4.0.xsd
		http://www.springframework.org/schema/aop http://www.springframework.org/schema/aop/spring-aop-4.0.xsd
		http://www.springframework.org/schema/context http://www.springframework.org/schema/context/spring-context-4.0.xsd
		http://www.springframework.org/schema/jdbc http://www.springframework.org/schema/jdbc/spring-jdbc-4.0.xsd
		http://www.springframework.org/schema/tx http://www.springframework.org/schema/tx/spring-tx-4.0.xsd
		http://www.springframework.org/schema/data/jpa http://www.springframework.org/schema/data/jpa/spring-jpa-1.3.xsd"
	default-lazy-init="true">

	<context:component-scan base-package="com.ks" />


	<bean class="org.mybatis.spring.mapper.MapperScannerConfigurer">
		<property name="basePackage" value="com.ks" />
		<property name="annotationClass" value="org.springframework.stereotype.Repository" />
		<property name="sqlSessionFactoryBeanName" value="sqlSessionFactory" />
	</bean>


	<!-- 开发/测试环境 -->
	<beans profile="dev,test">
		<context:property-placeholder
			ignore-resource-not-found="true" ignore-unresolvable="true"
			location="classpath:conf/*.properties" />
		<!-- datasource -->
		<bean id="dataSource" class="org.apache.tomcat.jdbc.pool.DataSource"
			destroy-method="close">
			<property name="driverClassName" value="${jdbc.driver}" />
			<property name="url" value="${jdbc.url}" />
			<property name="username" value="${jdbc.username}" />
			<property name="password" value="${jdbc.password}" />
			<property name="defaultAutoCommit" value="false" />
		</bean>

		<!-- mybatis -->
		<bean id="sqlSessionFactory" class="org.mybatis.spring.SqlSessionFactoryBean">
			<property name="dataSource" ref="dataSource" />
			<property name="plugins">
				<array>
					<bean class="com.ks.mybatis.pagination.PaginationPlugin">
						<property name="properties">
							<value>
								dialectClass=com.ks.mybatis.pagination.MySQLDialect
							</value>
						</property>
					</bean>
				</array>
			</property>
			<!-- 显式指定Mapper文件位置 -->
			<property name="mapperLocations" value="classpath*:com/ks/tx/*.xml" />
		</bean>
	</beans>
</beans>