<?xml version="1.0" encoding="UTF-8"?>
<beans xmlns="http://www.springframework.org/schema/beans"
	xmlns:xsi="http://www.w3.org/2001/XMLSchema-instance" xmlns:jxzhang="http://www.jxzhang.com/schema/costomTags"
	xsi:schemaLocation="  
		http://www.springframework.org/schema/beans http://www.springframework.org/schema/beans/spring-beans-2.0.xsd  
		http://www.jxzhang.com/schema/costomTags http://www.jxzhang.com/schema/costomTags.xsd">

	<jxzhang:user id="userBean" name="jxzhang" email="jxzhang@chinahrd.net"></jxzhang:user>
</beans>
